mode: set
platform-go-challenge/handlers/assets.go:13.43,14.54 1 0
platform-go-challenge/handlers/assets.go:14.54,21.27 2 0
platform-go-challenge/handlers/assets.go:21.27,24.4 2 0
platform-go-challenge/handlers/assets.go:26.3,26.19 1 0
platform-go-challenge/handlers/assets.go:27.24,29.23 1 0
platform-go-challenge/handlers/assets.go:29.23,33.5 3 0
platform-go-challenge/handlers/assets.go:35.23,37.23 1 0
platform-go-challenge/handlers/assets.go:37.23,41.5 3 0
platform-go-challenge/handlers/assets.go:43.4,43.23 1 0
platform-go-challenge/handlers/assets.go:43.23,47.5 3 0
platform-go-challenge/handlers/assets.go:50.3,50.67 1 0
platform-go-challenge/handlers/assets.go:54.42,55.54 1 1
platform-go-challenge/handlers/assets.go:55.54,56.34 1 1
platform-go-challenge/handlers/assets.go:56.34,59.4 2 1
platform-go-challenge/handlers/assets.go:61.3,68.64 2 1
platform-go-challenge/handlers/assets.go:68.64,71.4 2 1
platform-go-challenge/handlers/assets.go:74.3,74.24 1 1
platform-go-challenge/handlers/assets.go:74.24,77.4 2 1
platform-go-challenge/handlers/assets.go:79.3,79.23 1 1
platform-go-challenge/handlers/assets.go:79.23,82.4 2 1
platform-go-challenge/handlers/assets.go:84.3,91.17 3 1
platform-go-challenge/handlers/assets.go:91.17,95.4 3 0
platform-go-challenge/handlers/assets.go:97.3,106.5 4 1
platform-go-challenge/handlers/assets.go:110.39,111.54 1 1
platform-go-challenge/handlers/assets.go:111.54,116.17 4 1
platform-go-challenge/handlers/assets.go:116.17,120.4 3 0
platform-go-challenge/handlers/assets.go:122.3,122.19 1 1
platform-go-challenge/handlers/assets.go:122.19,125.4 2 1
platform-go-challenge/handlers/assets.go:127.3,128.35 2 1
platform-go-challenge/handlers/assets.go:132.43,133.54 1 1
platform-go-challenge/handlers/assets.go:133.54,135.17 2 1
platform-go-challenge/handlers/assets.go:135.17,138.4 2 0
platform-go-challenge/handlers/assets.go:140.3,142.36 3 1
platform-go-challenge/handlers/auth.go:14.13,16.18 2 1
platform-go-challenge/handlers/auth.go:16.18,18.3 1 1
platform-go-challenge/handlers/auth.go:19.2,22.52 2 1
platform-go-challenge/handlers/auth.go:25.61,26.54 1 1
platform-go-challenge/handlers/auth.go:26.54,27.19 1 1
platform-go-challenge/handlers/auth.go:27.19,30.4 2 1
platform-go-challenge/handlers/auth.go:32.3,33.17 2 1
platform-go-challenge/handlers/auth.go:33.17,36.4 2 1
platform-go-challenge/handlers/auth.go:38.3,39.46 2 1
platform-go-challenge/handlers/auth.go:39.46,42.4 2 1
platform-go-challenge/handlers/auth.go:44.3,44.116 1 1
platform-go-challenge/handlers/auth.go:44.116,45.59 1 1
platform-go-challenge/handlers/auth.go:45.59,47.5 1 0
platform-go-challenge/handlers/auth.go:48.4,48.25 1 1
platform-go-challenge/handlers/auth.go:51.3,51.17 1 1
platform-go-challenge/handlers/auth.go:51.17,54.4 2 1
platform-go-challenge/handlers/auth.go:56.3,56.19 1 1
platform-go-challenge/handlers/auth.go:56.19,59.4 2 0
platform-go-challenge/handlers/auth.go:61.3,61.13 1 1
platform-go-challenge/handlers/favourites.go:14.77,16.16 2 1
platform-go-challenge/handlers/favourites.go:16.16,18.3 1 0
platform-go-challenge/handlers/favourites.go:19.2,19.17 1 1
platform-go-challenge/handlers/favourites.go:19.17,21.3 1 1
platform-go-challenge/handlers/favourites.go:22.2,22.12 1 1
platform-go-challenge/handlers/favourites.go:25.48,26.54 1 1
platform-go-challenge/handlers/favourites.go:26.54,28.21 2 1
platform-go-challenge/handlers/favourites.go:28.21,31.4 2 1
platform-go-challenge/handlers/favourites.go:33.3,35.77 2 1
platform-go-challenge/handlers/favourites.go:35.77,36.28 1 1
platform-go-challenge/handlers/favourites.go:36.28,39.5 2 1
platform-go-challenge/handlers/favourites.go:40.4,41.10 2 0
platform-go-challenge/handlers/favourites.go:44.3,49.17 2 1
platform-go-challenge/handlers/favourites.go:49.17,52.4 2 0
platform-go-challenge/handlers/favourites.go:54.3,55.34 2 1
platform-go-challenge/handlers/favourites.go:59.43,60.54 1 1
platform-go-challenge/handlers/favourites.go:60.54,64.77 3 1
platform-go-challenge/handlers/favourites.go:64.77,65.28 1 1
platform-go-challenge/handlers/favourites.go:65.28,68.5 2 1
platform-go-challenge/handlers/favourites.go:69.4,70.10 2 0
platform-go-challenge/handlers/favourites.go:73.3,78.64 2 1
platform-go-challenge/handlers/favourites.go:78.64,81.4 2 1
platform-go-challenge/handlers/favourites.go:83.3,90.17 2 1
platform-go-challenge/handlers/favourites.go:90.17,94.4 3 0
platform-go-challenge/handlers/favourites.go:96.3,102.5 3 1
platform-go-challenge/handlers/favourites.go:106.46,107.54 1 1
platform-go-challenge/handlers/favourites.go:107.54,112.77 4 1
platform-go-challenge/handlers/favourites.go:112.77,113.28 1 1
platform-go-challenge/handlers/favourites.go:113.28,116.5 2 1
platform-go-challenge/handlers/favourites.go:117.4,118.10 2 0
platform-go-challenge/handlers/favourites.go:121.3,125.64 2 1
platform-go-challenge/handlers/favourites.go:125.64,128.4 2 1
platform-go-challenge/handlers/favourites.go:130.3,137.17 2 1
platform-go-challenge/handlers/favourites.go:137.17,140.4 2 0
platform-go-challenge/handlers/favourites.go:142.3,142.31 1 1
platform-go-challenge/handlers/favourites.go:146.46,147.54 1 1
platform-go-challenge/handlers/favourites.go:147.54,152.77 4 1
platform-go-challenge/handlers/favourites.go:152.77,153.28 1 1
platform-go-challenge/handlers/favourites.go:153.28,156.5 2 1
platform-go-challenge/handlers/favourites.go:157.4,158.10 2 0
platform-go-challenge/handlers/favourites.go:161.3,167.17 2 1
platform-go-challenge/handlers/favourites.go:167.17,170.4 2 1
platform-go-challenge/handlers/favourites.go:172.3,172.38 1 1
platform-go-challenge/handlers/health.go:15.58,21.2 3 0
platform-go-challenge/handlers/router.go:8.41,9.54 1 0
platform-go-challenge/handlers/router.go:9.54,17.26 2 0
platform-go-challenge/handlers/router.go:17.26,20.4 2 0
platform-go-challenge/handlers/router.go:22.3,22.19 1 0
platform-go-challenge/handlers/router.go:23.24,25.23 1 0
platform-go-challenge/handlers/router.go:25.23,29.5 3 0
platform-go-challenge/handlers/router.go:31.23,33.23 1 0
platform-go-challenge/handlers/router.go:33.23,37.5 3 0
platform-go-challenge/handlers/router.go:48.3,48.67 1 0
platform-go-challenge/handlers/router.go:52.47,53.54 1 0
platform-go-challenge/handlers/router.go:53.54,61.72 2 0
platform-go-challenge/handlers/router.go:61.72,64.4 2 0
platform-go-challenge/handlers/router.go:66.3,66.19 1 0
platform-go-challenge/handlers/router.go:68.23,70.23 1 0
platform-go-challenge/handlers/router.go:70.23,74.5 3 0
platform-go-challenge/handlers/router.go:76.24,78.23 1 0
platform-go-challenge/handlers/router.go:78.23,82.5 3 0
platform-go-challenge/handlers/router.go:84.25,86.23 1 0
platform-go-challenge/handlers/router.go:86.23,90.5 3 0
platform-go-challenge/handlers/router.go:92.26,94.23 1 0
platform-go-challenge/handlers/router.go:94.23,98.5 3 0
platform-go-challenge/handlers/router.go:101.3,101.67 1 0
platform-go-challenge/handlers/users.go:16.38,17.54 1 1
platform-go-challenge/handlers/users.go:17.54,18.34 1 1
platform-go-challenge/handlers/users.go:18.34,21.4 2 1
platform-go-challenge/handlers/users.go:23.3,24.63 2 1
platform-go-challenge/handlers/users.go:24.63,27.4 2 1
platform-go-challenge/handlers/users.go:30.3,30.22 1 1
platform-go-challenge/handlers/users.go:30.22,33.4 2 1
platform-go-challenge/handlers/users.go:35.3,36.17 2 1
platform-go-challenge/handlers/users.go:36.17,40.4 3 0
platform-go-challenge/handlers/users.go:42.3,45.34 4 0
platform-go-challenge/handlers/users.go:49.39,50.54 1 1
platform-go-challenge/handlers/users.go:50.54,51.33 1 1
platform-go-challenge/handlers/users.go:51.33,54.4 2 1
platform-go-challenge/handlers/users.go:56.3,57.17 2 1
platform-go-challenge/handlers/users.go:57.17,60.4 2 0
platform-go-challenge/handlers/users.go:62.3,64.35 3 0
platform-go-challenge/handlers/users.go:69.36,70.54 1 0
platform-go-challenge/handlers/users.go:70.54,71.34 1 0
platform-go-challenge/handlers/users.go:71.34,74.4 2 0
platform-go-challenge/handlers/users.go:76.3,81.64 2 0
platform-go-challenge/handlers/users.go:81.64,84.4 2 0
platform-go-challenge/handlers/users.go:86.3,86.45 1 0
platform-go-challenge/handlers/users.go:86.45,89.4 2 0
platform-go-challenge/handlers/users.go:92.3,93.32 2 0
platform-go-challenge/handlers/users.go:93.32,96.4 2 0
platform-go-challenge/handlers/users.go:99.3,99.30 1 0
platform-go-challenge/handlers/users.go:99.30,102.4 2 0
platform-go-challenge/handlers/users.go:104.3,104.106 1 0
platform-go-challenge/handlers/users.go:104.106,107.4 2 0
platform-go-challenge/handlers/users.go:110.3,117.17 3 0
platform-go-challenge/handlers/users.go:117.17,120.4 2 0
platform-go-challenge/handlers/users.go:122.3,124.69 3 0
platform-go-challenge/handlers/users.go:129.39,130.54 1 0
platform-go-challenge/handlers/users.go:130.54,131.34 1 0
platform-go-challenge/handlers/users.go:131.34,134.4 2 0
platform-go-challenge/handlers/users.go:136.3,142.64 2 0
platform-go-challenge/handlers/users.go:142.64,145.4 2 0
platform-go-challenge/handlers/users.go:147.3,147.65 1 0
platform-go-challenge/handlers/users.go:147.65,150.4 2 0
platform-go-challenge/handlers/users.go:152.3,152.30 1 0
platform-go-challenge/handlers/users.go:152.30,155.4 2 0
platform-go-challenge/handlers/users.go:158.3,159.17 2 0
platform-go-challenge/handlers/users.go:159.17,162.4 2 0
platform-go-challenge/handlers/users.go:164.3,171.17 3 0
platform-go-challenge/handlers/users.go:171.17,174.4 2 0
platform-go-challenge/handlers/users.go:176.3,178.81 3 0
platform-go-challenge/main.go:35.38,37.15 2 1
platform-go-challenge/main.go:37.15,39.3 1 1
platform-go-challenge/main.go:41.2,42.16 2 1
platform-go-challenge/main.go:42.16,44.3 1 1
platform-go-challenge/main.go:46.2,46.22 1 0
platform-go-challenge/main.go:49.48,69.16 11 1
platform-go-challenge/main.go:69.16,71.3 1 1
platform-go-challenge/main.go:73.2,76.3 1 1
platform-go-challenge/main.go:79.13,81.40 1 0
platform-go-challenge/main.go:81.40,83.3 1 0
platform-go-challenge/main.go:86.2,87.16 2 0
platform-go-challenge/main.go:87.16,89.3 1 0
platform-go-challenge/main.go:90.2,96.12 3 0
platform-go-challenge/main.go:96.12,98.80 2 0
platform-go-challenge/main.go:98.80,100.4 1 0
platform-go-challenge/main.go:103.2,112.45 7 0
platform-go-challenge/main.go:112.45,114.3 1 0
platform-go-challenge/main.go:116.2,116.42 1 0
platform-go-challenge/db/db.go:9.40,11.16 2 0
platform-go-challenge/db/db.go:11.16,13.3 1 0
platform-go-challenge/db/db.go:15.2,15.34 1 0
platform-go-challenge/db/db.go:15.34,17.3 1 0
platform-go-challenge/db/db.go:19.2,19.16 1 0
platform-go-challenge/docs/docs.go:662.13,664.2 1 0
platform-go-challenge/store/store.go:5.28,7.2 1 0
platform-go-challenge/repositories/assets.go:17.19,33.16 4 1
platform-go-challenge/repositories/assets.go:33.16,35.3 1 1
platform-go-challenge/repositories/assets.go:37.2,37.21 1 1
platform-go-challenge/repositories/assets.go:44.26,59.16 4 1
platform-go-challenge/repositories/assets.go:59.16,60.27 1 1
platform-go-challenge/repositories/assets.go:60.27,62.4 1 1
platform-go-challenge/repositories/assets.go:63.3,63.18 1 1
platform-go-challenge/repositories/assets.go:66.2,66.20 1 1
platform-go-challenge/repositories/assets.go:72.27,80.16 3 1
platform-go-challenge/repositories/assets.go:80.16,82.3 1 1
platform-go-challenge/repositories/assets.go:83.2,86.18 3 1
platform-go-challenge/repositories/assets.go:86.18,88.84 2 1
platform-go-challenge/repositories/assets.go:88.84,90.4 1 0
platform-go-challenge/repositories/assets.go:91.3,91.29 1 1
platform-go-challenge/repositories/assets.go:94.2,94.35 1 1
platform-go-challenge/repositories/assets.go:94.35,96.3 1 0
platform-go-challenge/repositories/assets.go:98.2,98.20 1 1
platform-go-challenge/repositories/assets.go:104.16,106.19 1 1
platform-go-challenge/repositories/assets.go:107.25,113.36 2 1
platform-go-challenge/repositories/assets.go:115.27,119.36 2 1
platform-go-challenge/repositories/assets.go:121.28,129.36 2 1
platform-go-challenge/repositories/assets.go:131.10,132.62 1 1
platform-go-challenge/repositories/favourites.go:16.36,32.16 3 1
platform-go-challenge/repositories/favourites.go:32.16,34.3 1 1
platform-go-challenge/repositories/favourites.go:35.2,39.18 3 1
platform-go-challenge/repositories/favourites.go:39.18,54.17 2 1
platform-go-challenge/repositories/favourites.go:54.17,56.4 1 0
platform-go-challenge/repositories/favourites.go:58.3,59.17 2 1
platform-go-challenge/repositories/favourites.go:59.17,61.4 1 0
platform-go-challenge/repositories/favourites.go:63.3,69.5 1 1
platform-go-challenge/repositories/favourites.go:72.2,72.20 1 1
platform-go-challenge/repositories/favourites.go:80.9,98.2 3 1
platform-go-challenge/repositories/favourites.go:104.9,112.16 3 1
platform-go-challenge/repositories/favourites.go:112.16,114.3 1 1
platform-go-challenge/repositories/favourites.go:116.2,117.15 2 1
platform-go-challenge/repositories/favourites.go:117.15,119.3 1 1
platform-go-challenge/repositories/favourites.go:121.2,121.12 1 1
platform-go-challenge/repositories/favourites.go:129.9,144.16 3 1
platform-go-challenge/repositories/favourites.go:144.16,146.3 1 1
platform-go-challenge/repositories/favourites.go:148.2,149.15 2 1
platform-go-challenge/repositories/favourites.go:149.15,151.3 1 1
platform-go-challenge/repositories/favourites.go:153.2,153.12 1 1
platform-go-challenge/repositories/users.go:14.19,23.16 4 1
platform-go-challenge/repositories/users.go:23.16,25.3 1 1
platform-go-challenge/repositories/users.go:27.2,27.20 1 1
platform-go-challenge/repositories/users.go:34.25,43.16 4 1
platform-go-challenge/repositories/users.go:43.16,44.27 1 1
platform-go-challenge/repositories/users.go:44.27,46.4 1 1
platform-go-challenge/repositories/users.go:47.3,47.18 1 1
platform-go-challenge/repositories/users.go:50.2,50.19 1 1
platform-go-challenge/repositories/users.go:56.26,64.16 3 1
platform-go-challenge/repositories/users.go:64.16,66.3 1 1
platform-go-challenge/repositories/users.go:67.2,70.18 3 1
platform-go-challenge/repositories/users.go:70.18,72.68 2 1
platform-go-challenge/repositories/users.go:72.68,74.4 1 0
platform-go-challenge/repositories/users.go:75.3,75.27 1 1
platform-go-challenge/repositories/users.go:78.2,78.35 1 1
platform-go-challenge/repositories/users.go:78.35,80.3 1 0
platform-go-challenge/repositories/users.go:82.2,82.19 1 1
